<?xml version="1.0" encoding="UTF-8"?>
<testng-results ignored="0" total="2" passed="2" failed="0" skipped="0">
  <reporter-output>
  </reporter-output>
  <suite started-at="2022-10-26T21:55:38Z" name="Default Suite" finished-at="2022-10-26T21:55:38Z" duration-ms="62">
    <groups>
    </groups>
    <test started-at="2022-10-26T21:55:38Z" name="testNG_Try" finished-at="2022-10-26T21:55:38Z" duration-ms="62">
      <class name="TestCases">
        <test-method is-config="true" signature="beforeSuite()[pri:0, instance:TestCases@c81cdd1]" started-at="2022-10-26T21:55:38Z" name="beforeSuite" finished-at="2022-10-26T21:55:38Z" duration-ms="28" status="PASS">
          <reporter-output>
          </reporter-output>
        </test-method> <!-- beforeSuite -->
        <test-method is-config="true" signature="beforeTest()[pri:0, instance:TestCases@c81cdd1]" started-at="2022-10-26T21:55:38Z" name="beforeTest" finished-at="2022-10-26T21:55:38Z" duration-ms="1" status="PASS">
          <reporter-output>
          </reporter-output>
        </test-method> <!-- beforeTest -->
        <test-method is-config="true" signature="beforeClass()[pri:0, instance:TestCases@c81cdd1]" started-at="2022-10-26T21:55:38Z" name="beforeClass" finished-at="2022-10-26T21:55:38Z" duration-ms="1" status="PASS">
          <reporter-output>
          </reporter-output>
        </test-method> <!-- beforeClass -->
        <test-method is-config="true" signature="beforeMethod()[pri:0, instance:TestCases@c81cdd1]" started-at="2022-10-26T21:55:38Z" name="beforeMethod" finished-at="2022-10-26T21:55:38Z" duration-ms="0" status="PASS">
          <reporter-output>
          </reporter-output>
        </test-method> <!-- beforeMethod -->
        <test-method signature="searchCustomer()[pri:0, instance:TestCases@c81cdd1]" started-at="2022-10-26T21:55:38Z" name="searchCustomer" finished-at="2022-10-26T21:55:38Z" duration-ms="0" status="PASS">
          <reporter-output>
          </reporter-output>
        </test-method> <!-- searchCustomer -->
        <test-method is-config="true" signature="afterMethod()[pri:0, instance:TestCases@c81cdd1]" started-at="2022-10-26T21:55:38Z" name="afterMethod" finished-at="2022-10-26T21:55:38Z" duration-ms="2" status="PASS">
          <reporter-output>
          </reporter-output>
        </test-method> <!-- afterMethod -->
        <test-method is-config="true" signature="beforeMethod()[pri:0, instance:TestCases@c81cdd1]" started-at="2022-10-26T21:55:38Z" name="beforeMethod" finished-at="2022-10-26T21:55:38Z" duration-ms="0" status="PASS">
          <reporter-output>
          </reporter-output>
        </test-method> <!-- beforeMethod -->
        <test-method signature="searchProduct()[pri:0, instance:TestCases@c81cdd1]" started-at="2022-10-26T21:55:38Z" name="searchProduct" finished-at="2022-10-26T21:55:38Z" duration-ms="1" status="PASS">
          <reporter-output>
          </reporter-output>
        </test-method> <!-- searchProduct -->
        <test-method is-config="true" signature="afterMethod()[pri:0, instance:TestCases@c81cdd1]" started-at="2022-10-26T21:55:38Z" name="afterMethod" finished-at="2022-10-26T21:55:38Z" duration-ms="1" status="PASS">
          <reporter-output>
          </reporter-output>
        </test-method> <!-- afterMethod -->
        <test-method is-config="true" signature="afterClass()[pri:0, instance:TestCases@c81cdd1]" started-at="2022-10-26T21:55:38Z" name="afterClass" finished-at="2022-10-26T21:55:38Z" duration-ms="1" status="PASS">
          <reporter-output>
          </reporter-output>
        </test-method> <!-- afterClass -->
        <test-method is-config="true" signature="afterTest()[pri:0, instance:TestCases@c81cdd1]" started-at="2022-10-26T21:55:38Z" name="afterTest" finished-at="2022-10-26T21:55:38Z" duration-ms="1" status="PASS">
          <reporter-output>
          </reporter-output>
        </test-method> <!-- afterTest -->
        <test-method is-config="true" signature="afterSuite()[pri:0, instance:TestCases@c81cdd1]" started-at="2022-10-26T21:55:38Z" name="afterSuite" finished-at="2022-10-26T21:55:38Z" duration-ms="2" status="PASS">
          <reporter-output>
          </reporter-output>
        </test-method> <!-- afterSuite -->
      </class> <!-- TestCases -->
    </test> <!-- testNG_Try -->
  </suite> <!-- Default Suite -->
</testng-results>
